# JRE version: OpenJDK Runtime Environment (8.0_342-b07) (build 1.8.0_342-8u342-b07-0ubuntu1~18.04-b07)
# Java VM: OpenJDK 64-Bit Server VM (25.342-b07 mixed mode linux-amd64 compressed oops)
Heap:
 par new generation   total 307840K, used 26576K [0x00000003c0000000, 0x00000003d4e00000, 0x0000000451990000)
  eden space 273664K,   4% used [0x00000003c0000000, 0x00000003c0d0fa10, 0x00000003d0b40000)
  from space 34176K,  38% used [0x00000003d0b40000, 0x00000003d1824808, 0x00000003d2ca0000)
  to   space 34176K,   0% used [0x00000003d2ca0000, 0x00000003d2ca0000, 0x00000003d4e00000)
 concurrent mark-sweep generation total 684032K, used 14748K [0x0000000451990000, 0x000000047b590000, 0x00000007c0000000)
 Metaspace       used 61892K, capacity 63018K, committed 63160K, reserved 1105920K
  class space    used 6876K, capacity 7098K, committed 7156K, reserved 1048576K
GC Heap History (10 events):
Event: 11.458 GC heap before
{Heap before GC invocations=3 (full 1):
 par new generation   total 307840K, used 298233K [0x00000003c0000000, 0x00000003d4e00000, 0x0000000451990000)
  eden space 273664K, 100% used [0x00000003c0000000, 0x00000003d0b40000, 0x00000003d0b40000)
  from space 34176K,  71% used [0x00000003d2ca0000, 0x00000003d449e5a8, 0x00000003d4e00000)
  to   space 34176K,   0% used [0x00000003d0b40000, 0x00000003d0b40000, 0x00000003d2ca0000)
 concurrent mark-sweep generation total 684032K, used 8003K [0x0000000451990000, 0x000000047b590000, 0x00000007c0000000)
 Metaspace       used 58800K, capacity 59710K, committed 59960K, reserved 1101824K
  class space    used 6731K, capacity 6950K, committed 7028K, reserved 1048576K
Event: 11.482 GC heap after
Heap after GC invocations=4 (full 1):
 par new generation   total 307840K, used 20968K [0x00000003c0000000, 0x00000003d4e00000, 0x0000000451990000)
  eden space 273664K,   0% used [0x00000003c0000000, 0x00000003c0000000, 0x00000003d0b40000)
  from space 34176K,  61% used [0x00000003d0b40000, 0x00000003d1fba220, 0x00000003d2ca0000)
  to   space 34176K,   0% used [0x00000003d2ca0000, 0x00000003d2ca0000, 0x00000003d4e00000)
 concurrent mark-sweep generation total 684032K, used 10994K [0x0000000451990000, 0x000000047b590000, 0x00000007c0000000)
 Metaspace       used 58800K, capacity 59710K, committed 59960K, reserved 1101824K
  class space    used 6731K, capacity 6950K, committed 7028K, reserved 1048576K
}
Event: 312.219 GC heap before
{Heap before GC invocations=4 (full 1):
 par new generation   total 307840K, used 294632K [0x00000003c0000000, 0x00000003d4e00000, 0x0000000451990000)
  eden space 273664K, 100% used [0x00000003c0000000, 0x00000003d0b40000, 0x00000003d0b40000)
  from space 34176K,  61% used [0x00000003d0b40000, 0x00000003d1fba220, 0x00000003d2ca0000)
  to   space 34176K,   0% used [0x00000003d2ca0000, 0x00000003d2ca0000, 0x00000003d4e00000)
 concurrent mark-sweep generation total 684032K, used 10994K [0x0000000451990000, 0x000000047b590000, 0x00000007c0000000)
 Metaspace       used 61783K, capacity 62888K, committed 63160K, reserved 1105920K
  class space    used 6872K, capacity 7097K, committed 7156K, reserved 1048576K
Event: 312.241 GC heap after
Heap after GC invocations=5 (full 1):
 par new generation   total 307840K, used 14095K [0x00000003c0000000, 0x00000003d4e00000, 0x0000000451990000)
  eden space 273664K,   0% used [0x00000003c0000000, 0x00000003c0000000, 0x00000003d0b40000)
  from space 34176K,  41% used [0x00000003d2ca0000, 0x00000003d3a63d70, 0x00000003d4e00000)
  to   space 34176K,   0% used [0x00000003d0b40000, 0x00000003d0b40000, 0x00000003d2ca0000)
 concurrent mark-sweep generation total 684032K, used 14748K [0x0000000451990000, 0x000000047b590000, 0x00000007c0000000)
 Metaspace       used 61783K, capacity 62888K, committed 63160K, reserved 1105920K
  class space    used 6872K, capacity 7097K, committed 7156K, reserved 1048576K
}
Event: 312.730 GC heap before
{Heap before GC invocations=5 (full 1):
 par new generation   total 307840K, used 287759K [0x00000003c0000000, 0x00000003d4e00000, 0x0000000451990000)
  eden space 273664K, 100% used [0x00000003c0000000, 0x00000003d0b40000, 0x00000003d0b40000)
  from space 34176K,  41% used [0x00000003d2ca0000, 0x00000003d3a63d70, 0x00000003d4e00000)
  to   space 34176K,   0% used [0x00000003d0b40000, 0x00000003d0b40000, 0x00000003d2ca0000)
 concurrent mark-sweep generation total 684032K, used 14748K [0x0000000451990000, 0x000000047b590000, 0x00000007c0000000)
 Metaspace       used 61810K, capacity 62952K, committed 63160K, reserved 1105920K
  class space    used 6872K, capacity 7097K, committed 7156K, reserved 1048576K
Event: 312.738 GC heap after
Heap after GC invocations=6 (full 1):
 par new generation   total 307840K, used 11131K [0x00000003c0000000, 0x00000003d4e00000, 0x0000000451990000)
  eden space 273664K,   0% used [0x00000003c0000000, 0x00000003c0000000, 0x00000003d0b40000)
  from space 34176K,  32% used [0x00000003d0b40000, 0x00000003d161ef48, 0x00000003d2ca0000)
  to   space 34176K,   0% used [0x00000003d2ca0000, 0x00000003d2ca0000, 0x00000003d4e00000)
 concurrent mark-sweep generation total 684032K, used 14748K [0x0000000451990000, 0x000000047b590000, 0x00000007c0000000)
 Metaspace       used 61810K, capacity 62952K, committed 63160K, reserved 1105920K
  class space    used 6872K, capacity 7097K, committed 7156K, reserved 1048576K
}
Event: 313.187 GC heap before
{Heap before GC invocations=6 (full 1):
 par new generation   total 307840K, used 284795K [0x00000003c0000000, 0x00000003d4e00000, 0x0000000451990000)
  eden space 273664K, 100% used [0x00000003c0000000, 0x00000003d0b40000, 0x00000003d0b40000)
  from space 34176K,  32% used [0x00000003d0b40000, 0x00000003d161ef48, 0x00000003d2ca0000)
  to   space 34176K,   0% used [0x00000003d2ca0000, 0x00000003d2ca0000, 0x00000003d4e00000)
 concurrent mark-sweep generation total 684032K, used 14748K [0x0000000451990000, 0x000000047b590000, 0x00000007c0000000)
 Metaspace       used 61810K, capacity 62952K, committed 63160K, reserved 1105920K
  class space    used 6872K, capacity 7097K, committed 7156K, reserved 1048576K
Event: 313.196 GC heap after
Heap after GC invocations=7 (full 1):
 par new generation   total 307840K, used 11613K [0x00000003c0000000, 0x00000003d4e00000, 0x0000000451990000)
  eden space 273664K,   0% used [0x00000003c0000000, 0x00000003c0000000, 0x00000003d0b40000)
  from space 34176K,  33% used [0x00000003d2ca0000, 0x00000003d37f77a8, 0x00000003d4e00000)
  to   space 34176K,   0% used [0x00000003d0b40000, 0x00000003d0b40000, 0x00000003d2ca0000)
 concurrent mark-sweep generation total 684032K, used 14748K [0x0000000451990000, 0x000000047b590000, 0x00000007c0000000)
 Metaspace       used 61810K, capacity 62952K, committed 63160K, reserved 1105920K
  class space    used 6872K, capacity 7097K, committed 7156K, reserved 1048576K
}
Event: 364.086 GC heap before
{Heap before GC invocations=7 (full 1):
 par new generation   total 307840K, used 285277K [0x00000003c0000000, 0x00000003d4e00000, 0x0000000451990000)
  eden space 273664K, 100% used [0x00000003c0000000, 0x00000003d0b40000, 0x00000003d0b40000)
  from space 34176K,  33% used [0x00000003d2ca0000, 0x00000003d37f77a8, 0x00000003d4e00000)
  to   space 34176K,   0% used [0x00000003d0b40000, 0x00000003d0b40000, 0x00000003d2ca0000)
 concurrent mark-sweep generation total 684032K, used 14748K [0x0000000451990000, 0x000000047b590000, 0x00000007c0000000)
 Metaspace       used 61876K, capacity 62954K, committed 63160K, reserved 1105920K
  class space    used 6876K, capacity 7098K, committed 7156K, reserved 1048576K
Event: 364.106 GC heap after
Heap after GC invocations=8 (full 1):
 par new generation   total 307840K, used 13202K [0x00000003c0000000, 0x00000003d4e00000, 0x0000000451990000)
  eden space 273664K,   0% used [0x00000003c0000000, 0x00000003c0000000, 0x00000003d0b40000)
  from space 34176K,  38% used [0x00000003d0b40000, 0x00000003d1824808, 0x00000003d2ca0000)
  to   space 34176K,   0% used [0x00000003d2ca0000, 0x00000003d2ca0000, 0x00000003d4e00000)
 concurrent mark-sweep generation total 684032K, used 14748K [0x0000000451990000, 0x000000047b590000, 0x00000007c0000000)
 Metaspace       used 61876K, capacity 62954K, committed 63160K, reserved 1105920K
  class space    used 6876K, capacity 7098K, committed 7156K, reserved 1048576K
}

